Flow report for fpga_top
Wed Jun 17 10:01:40 2015
Quartus II 64-Bit Version 13.0.1 Build 232 06/12/2013 Service Pack 1 SJ Web Edition


---------------------
; Table of Contents ;
---------------------
  1. Legal Notice
  2. Flow Summary
  3. Flow Settings
  4. Flow Non-Default Global Settings
  5. Flow Elapsed Time
  6. Flow OS Summary
  7. Flow Log
  8. Flow Messages
  9. Flow Suppressed Messages



----------------
; Legal Notice ;
----------------
Copyright (C) 1991-2013 Altera Corporation
Your use of Altera Corporation's design tools, logic functions 
and other software and tools, and its AMPP partner logic 
functions, and any output files from any of the foregoing 
(including device programming or simulation files), and any 
associated documentation or information are expressly subject 
to the terms and conditions of the Altera Program License 
Subscription Agreement, Altera MegaCore Function License 
Agreement, or other applicable license agreement, including, 
without limitation, that your use is for the sole purpose of 
programming logic devices manufactured by Altera and sold by 
Altera or its authorized distributors.  Please refer to the 
applicable agreement for further details.



+--------------------------------------------------------------------------------------+
; Flow Summary                                                                         ;
+------------------------------------+-------------------------------------------------+
; Flow Status                        ; Successful - Wed Jun 17 10:01:40 2015           ;
; Quartus II 64-Bit Version          ; 13.0.1 Build 232 06/12/2013 SP 1 SJ Web Edition ;
; Revision Name                      ; fpga_top                                        ;
; Top-level Entity Name              ; fpga_top                                        ;
; Family                             ; Cyclone III                                     ;
; Device                             ; EP3C16F484C6                                    ;
; Timing Models                      ; Final                                           ;
; Total logic elements               ; 4,050 / 15,408 ( 26 % )                         ;
;     Total combinational functions  ; 3,988 / 15,408 ( 26 % )                         ;
;     Dedicated logic registers      ; 627 / 15,408 ( 4 % )                            ;
; Total registers                    ; 627                                             ;
; Total pins                         ; 12 / 347 ( 3 % )                                ;
; Total virtual pins                 ; 0                                               ;
; Total memory bits                  ; 394,240 / 516,096 ( 76 % )                      ;
; Embedded Multiplier 9-bit elements ; 1 / 112 ( < 1 % )                               ;
; Total PLLs                         ; 1 / 4 ( 25 % )                                  ;
+------------------------------------+-------------------------------------------------+


+-----------------------------------------+
; Flow Settings                           ;
+-------------------+---------------------+
; Option            ; Setting             ;
+-------------------+---------------------+
; Start date & time ; 06/17/2015 09:58:53 ;
; Main task         ; Compilation         ;
; Revision Name     ; fpga_top            ;
+-------------------+---------------------+


+------------------------------------------------------------------------------------------------------------------------------------------------+
; Flow Non-Default Global Settings                                                                                                               ;
+-------------------------------------+-----------------------------------------------------+---------------+-------------+----------------------+
; Assignment Name                     ; Value                                               ; Default Value ; Entity Name ; Section Id           ;
+-------------------------------------+-----------------------------------------------------+---------------+-------------+----------------------+
; COMPILER_SIGNATURE_ID               ; 52236176642.143452793201756                         ; --            ; --          ; --                   ;
; EDA_DESIGN_ENTRY_SYNTHESIS_TOOL     ; Synplify Pro                                        ; <None>        ; --          ; --                   ;
; EDA_INPUT_DATA_FORMAT               ; Vqm                                                 ; --            ; --          ; eda_design_synthesis ;
; EDA_LMF_FILE                        ; synplcty.lmf                                        ; --            ; --          ; eda_design_synthesis ;
; EDA_OUTPUT_DATA_FORMAT              ; Verilog Hdl                                         ; --            ; --          ; eda_simulation       ;
; EDA_SIMULATION_TOOL                 ; ModelSim (Verilog)                                  ; <None>        ; --          ; --                   ;
; EDA_TIME_SCALE                      ; 1 ps                                                ; --            ; --          ; eda_simulation       ;
; IOBANK_VCCIO                        ; 3.3V                                                ; --            ; --          ; 6                    ;
; IOBANK_VCCIO                        ; 3.3V                                                ; --            ; --          ; 1                    ;
; IP_TOOL_NAME                        ; ALTPLL                                              ; --            ; --          ; --                   ;
; IP_TOOL_NAME                        ; RAM: 1-PORT                                         ; --            ; --          ; --                   ;
; IP_TOOL_NAME                        ; ROM: 1-PORT                                         ; --            ; --          ; --                   ;
; IP_TOOL_VERSION                     ; 13.0                                                ; --            ; --          ; --                   ;
; IP_TOOL_VERSION                     ; 10.0                                                ; --            ; --          ; --                   ;
; IP_TOOL_VERSION                     ; 10.0                                                ; --            ; --          ; --                   ;
; MAX_CORE_JUNCTION_TEMP              ; 85                                                  ; --            ; --          ; --                   ;
; MIN_CORE_JUNCTION_TEMP              ; 0                                                   ; --            ; --          ; --                   ;
; MISC_FILE                           ; ../generate/cyclone_iii_ep3c16/prescaler.bsf        ; --            ; --          ; --                   ;
; MISC_FILE                           ; ../generate/cyclone_iii_ep3c16/prescaler_inst.vhd   ; --            ; --          ; --                   ;
; MISC_FILE                           ; ../generate/cyclone_iii_ep3c16/prescaler.cmp        ; --            ; --          ; --                   ;
; MISC_FILE                           ; ../generate/cyclone_iii_ep3c16/prescaler.ppf        ; --            ; --          ; --                   ;
; MISC_FILE                           ; ../generate/cyclone_iii_ep3c16/mc8051_ramx.bsf      ; --            ; --          ; --                   ;
; MISC_FILE                           ; ../generate/cyclone_iii_ep3c16/mc8051_ramx_inst.vhd ; --            ; --          ; --                   ;
; MISC_FILE                           ; ../generate/cyclone_iii_ep3c16/mc8051_ramx.cmp      ; --            ; --          ; --                   ;
; MISC_FILE                           ; ../generate/cyclone_iii_ep3c16/mc8051_rom.bsf       ; --            ; --          ; --                   ;
; MISC_FILE                           ; ../generate/cyclone_iii_ep3c16/mc8051_rom_inst.vhd  ; --            ; --          ; --                   ;
; MISC_FILE                           ; ../generate/cyclone_iii_ep3c16/mc8051_rom.cmp       ; --            ; --          ; --                   ;
; NOMINAL_CORE_SUPPLY_VOLTAGE         ; 1.2V                                                ; --            ; --          ; --                   ;
; PARTITION_COLOR                     ; 16764057                                            ; --            ; --          ; Top                  ;
; PARTITION_FITTER_PRESERVATION_LEVEL ; PLACEMENT_AND_ROUTING                               ; --            ; --          ; Top                  ;
; PARTITION_NETLIST_TYPE              ; SOURCE                                              ; --            ; --          ; Top                  ;
; POWER_BOARD_THERMAL_MODEL           ; None (CONSERVATIVE)                                 ; --            ; --          ; --                   ;
; POWER_PRESET_COOLING_SOLUTION       ; 23 MM HEAT SINK WITH 200 LFPM AIRFLOW               ; --            ; --          ; --                   ;
; USE_GENERATED_PHYSICAL_CONSTRAINTS  ; Off                                                 ; --            ; --          ; eda_blast_fpga       ;
+-------------------------------------+-----------------------------------------------------+---------------+-------------+----------------------+


+-------------------------------------------------------------------------------------------------------------------------------+
; Flow Elapsed Time                                                                                                             ;
+---------------------------+--------------+-------------------------+---------------------+------------------------------------+
; Module Name               ; Elapsed Time ; Average Processors Used ; Peak Virtual Memory ; Total CPU Time (on all processors) ;
+---------------------------+--------------+-------------------------+---------------------+------------------------------------+
; Analysis & Synthesis      ; 00:01:51     ; 1.0                     ; 563 MB              ; 00:01:50                           ;
; Fitter                    ; 00:00:31     ; 1.0                     ; 718 MB              ; 00:00:30                           ;
; Assembler                 ; 00:00:02     ; 1.0                     ; 415 MB              ; 00:00:02                           ;
; TimeQuest Timing Analyzer ; 00:00:09     ; 1.0                     ; 512 MB              ; 00:00:08                           ;
; EDA Netlist Writer        ; 00:00:08     ; 1.0                     ; 438 MB              ; 00:00:07                           ;
; Total                     ; 00:02:41     ; --                      ; --                  ; 00:02:37                           ;
+---------------------------+--------------+-------------------------+---------------------+------------------------------------+


+----------------------------------------------------------------------------------------+
; Flow OS Summary                                                                        ;
+---------------------------+------------------+-----------+------------+----------------+
; Module Name               ; Machine Hostname ; OS Name   ; OS Version ; Processor type ;
+---------------------------+------------------+-----------+------------+----------------+
; Analysis & Synthesis      ; WIN-GE2U0NCRM0O  ; Windows 7 ; 6.1        ; x86_64         ;
; Fitter                    ; WIN-GE2U0NCRM0O  ; Windows 7 ; 6.1        ; x86_64         ;
; Assembler                 ; WIN-GE2U0NCRM0O  ; Windows 7 ; 6.1        ; x86_64         ;
; TimeQuest Timing Analyzer ; WIN-GE2U0NCRM0O  ; Windows 7 ; 6.1        ; x86_64         ;
; EDA Netlist Writer        ; WIN-GE2U0NCRM0O  ; Windows 7 ; 6.1        ; x86_64         ;
+---------------------------+------------------+-----------+------------+----------------+


------------
; Flow Log ;
------------
quartus_map --read_settings_files=on --write_settings_files=off mc8051 -c fpga_top
quartus_fit --read_settings_files=off --write_settings_files=off mc8051 -c fpga_top
quartus_asm --read_settings_files=off --write_settings_files=off mc8051 -c fpga_top
quartus_sta mc8051 -c fpga_top
quartus_eda --read_settings_files=off --write_settings_files=off mc8051 -c fpga_top



