Drill report for C:/Users/Markus Lechner/Desktop/Master_Thesis/KiCad/V4/LCR_Meter_KiCad_V3_0/Master_Project.kicad_pcb
Created on 12.04.2018 14:03:12

Copper Layer Stackup:
    =============================================================
    L1 :  F.Cu                      front
    L2 :  In1.Cu                    inner1
    L3 :  In2.Cu                    inner2
    L4 :  B.Cu                      back


Drill file 'Master_Project.drl' contains
    plated through holes:
    =============================================================
    T1  0,40mm  0,016"  (431 holes)
    T2  0,60mm  0,024"  (2 holes)
    T3  0,80mm  0,031"  (8 holes)
    T4  1,00mm  0,039"  (18 holes)
    T5  1,20mm  0,047"  (20 holes)
    T6  1,30mm  0,051"  (2 holes)
    T7  1,40mm  0,055"  (2 holes)
    T8  1,50mm  0,059"  (2 holes)
    T9  2,20mm  0,087"  (6 holes)
    T10  2,50mm  0,098"  (4 holes)
    T11  3,20mm  0,126"  (5 holes)

    Total plated holes count 500


Drill file 'Master_Project-NPTH.drl' contains
    unplated through holes:
    =============================================================
    T1  2,70mm  0,106"  (1 hole)

    Total unplated holes count 1
