C51 COMPILER V9.51   MAIN                                                                  06/16/2015 15:59:42 PAGE 1   


C51 COMPILER V9.51, COMPILATION OF MODULE MAIN
OBJECT MODULE PLACED IN main.obj
COMPILER INVOKED BY: C:\Keil\C51\BIN\C51.EXE src\main.c BROWSE DEBUG OBJECTEXTEND PRINT(.\main.lst) TABS(2) OBJECT(main.
                    -obj)

line level    source

   1          /*------------------------------------------------------------------------------
   2          HELLO.C
   3          
   4          Copyright 1995-2005 Keil Software, Inc.
   5          ------------------------------------------------------------------------------*/
   6          
   7          #include <REG52.H>                /* special function register declarations   */
   8                                            /* for the intended 8051 derivative         */
   9          
  10          #include <stdio.h>                /* prototype declarations for I/O functions */
  11          
  12          
  13          
  14                                                   /* is enabled                        */
  15          
  16          void Delay();
  17          
  18          /*------------------------------------------------
  19          The main C function.  Program execution starts
  20          here after stack initialization.
  21          ------------------------------------------------*/
  22          
  23          
  24          /*8051, PIC, AVR, ARM development Boards and Programmers - www.Embeddedmarket.com */
  25          /*All products, schematics and pricings are listed at www.Embeddedmarket.com*/
  26          /*Embedded Market, 205 Decision Tower, Next To CityPride, Satara Road, Pune 411037 India*/
  27          
  28          void main (void) {
  29   1      
  30   1      /*------------------------------------------------
  31   1      Setup the serial port for 2400 baud at 11.0592MHz.
  32   1      ------------------------------------------------*/
  33   1      
  34   1          SCON  = 0x50;           /* SCON: mode 1, 8-bit UART, enable rcvr      */
  35   1          SM0   = 1;
  36   1          TMOD |= 0x20;               /* TMOD: timer 1, mode 2, 8-bit reload        */
  37   1          TH1   = 0xF7;              /* TH1:  reload value for 2400 baud @ 11.0592MHz   */
  38   1          TR1   = 1;                  /* TR1:  timer 1 run                          */
  39   1          TI    = 1;                  /* TI:   set TI to send first char of UART    */
  40   1      
  41   1      
  42   1      /*------------------------------------------------
  43   1      Note that an embedded program never exits (because
  44   1      there is no operating system to return to).  It
  45   1      must loop and execute forever.
  46   1      ------------------------------------------------*/
  47   1        while (1) {    
  48   2          printf ("Hello World\n");   /* Print "Hello World" */ 
  49   2        Delay();  
  50   2        Delay();
  51   2        Delay();
  52   2        }
  53   1      }
  54          
C51 COMPILER V9.51   MAIN                                                                  06/16/2015 15:59:42 PAGE 2   

  55          void Delay(void)
  56          {
  57   1        int j;
  58   1        
  59   1          for(j=0;j<10000;j++)
  60   1          {
  61   2          }
  62   1      }
  63          


MODULE INFORMATION:   STATIC OVERLAYABLE
   CODE SIZE        =     50    ----
   CONSTANT SIZE    =     13    ----
   XDATA SIZE       =   ----    ----
   PDATA SIZE       =   ----    ----
   DATA SIZE        =   ----    ----
   IDATA SIZE       =   ----    ----
   BIT SIZE         =   ----    ----
END OF MODULE INFORMATION.


C51 COMPILATION COMPLETE.  0 WARNING(S),  0 ERROR(S)
