Flow report for demo
Wed Jun 10 16:29:04 2015
Quartus II 64-Bit Version 13.0.1 Build 232 06/12/2013 Service Pack 1 SJ Web Edition


---------------------
; Table of Contents ;
---------------------
  1. Legal Notice
  2. Flow Summary
  3. Flow Settings
  4. Flow Non-Default Global Settings
  5. Flow Elapsed Time
  6. Flow OS Summary
  7. Flow Log
  8. Flow Messages
  9. Flow Suppressed Messages



----------------
; Legal Notice ;
----------------
Copyright (C) 1991-2013 Altera Corporation
Your use of Altera Corporation's design tools, logic functions 
and other software and tools, and its AMPP partner logic 
functions, and any output files from any of the foregoing 
(including device programming or simulation files), and any 
associated documentation or information are expressly subject 
to the terms and conditions of the Altera Program License 
Subscription Agreement, Altera MegaCore Function License 
Agreement, or other applicable license agreement, including, 
without limitation, that your use is for the sole purpose of 
programming logic devices manufactured by Altera and sold by 
Altera or its authorized distributors.  Please refer to the 
applicable agreement for further details.



+--------------------------------------------------------------------------------------+
; Flow Summary                                                                         ;
+------------------------------------+-------------------------------------------------+
; Flow Status                        ; Successful - Wed Jun 10 16:28:58 2015           ;
; Quartus II 64-Bit Version          ; 13.0.1 Build 232 06/12/2013 SP 1 SJ Web Edition ;
; Revision Name                      ; demo                                            ;
; Top-level Entity Name              ; first_nios2_system                              ;
; Family                             ; Cyclone III                                     ;
; Device                             ; EP3C16F484C6                                    ;
; Timing Models                      ; Final                                           ;
; Total logic elements               ; 2,397 / 15,408 ( 16 % )                         ;
;     Total combinational functions  ; 2,228 / 15,408 ( 14 % )                         ;
;     Dedicated logic registers      ; 1,445 / 15,408 ( 9 % )                          ;
; Total registers                    ; 1445                                            ;
; Total pins                         ; 10 / 347 ( 3 % )                                ;
; Total virtual pins                 ; 0                                               ;
; Total memory bits                  ; 192,320 / 516,096 ( 37 % )                      ;
; Embedded Multiplier 9-bit elements ; 0 / 112 ( 0 % )                                 ;
; Total PLLs                         ; 0 / 4 ( 0 % )                                   ;
+------------------------------------+-------------------------------------------------+


+-----------------------------------------+
; Flow Settings                           ;
+-------------------+---------------------+
; Option            ; Setting             ;
+-------------------+---------------------+
; Start date & time ; 06/10/2015 16:27:52 ;
; Main task         ; Compilation         ;
; Revision Name     ; demo                ;
+-------------------+---------------------+


+-----------------------------------------------------------------------------------------------------------------------------------+
; Flow Non-Default Global Settings                                                                                                  ;
+-------------------------------------+---------------------------------------+---------------+--------------------+----------------+
; Assignment Name                     ; Value                                 ; Default Value ; Entity Name        ; Section Id     ;
+-------------------------------------+---------------------------------------+---------------+--------------------+----------------+
; COMPILER_SIGNATURE_ID               ; 52236176642.143394647202332           ; --            ; --                 ; --             ;
; EDA_OUTPUT_DATA_FORMAT              ; None                                  ; --            ; --                 ; eda_simulation ;
; MAX_CORE_JUNCTION_TEMP              ; 85                                    ; --            ; --                 ; --             ;
; MIN_CORE_JUNCTION_TEMP              ; 0                                     ; --            ; --                 ; --             ;
; OUTPUT_IO_TIMING_FAR_END_VMEAS      ; Half Signal Swing                     ; --            ; --                 ; --             ;
; OUTPUT_IO_TIMING_FAR_END_VMEAS      ; Half Signal Swing                     ; --            ; --                 ; --             ;
; OUTPUT_IO_TIMING_NEAR_END_VMEAS     ; Half Vccio                            ; --            ; --                 ; --             ;
; OUTPUT_IO_TIMING_NEAR_END_VMEAS     ; Half Vccio                            ; --            ; --                 ; --             ;
; PARTITION_COLOR                     ; 16764057                              ; --            ; first_nios2_system ; Top            ;
; PARTITION_FITTER_PRESERVATION_LEVEL ; PLACEMENT_AND_ROUTING                 ; --            ; first_nios2_system ; Top            ;
; PARTITION_NETLIST_TYPE              ; SOURCE                                ; --            ; first_nios2_system ; Top            ;
; POWER_BOARD_THERMAL_MODEL           ; None (CONSERVATIVE)                   ; --            ; --                 ; --             ;
; POWER_PRESET_COOLING_SOLUTION       ; 23 MM HEAT SINK WITH 200 LFPM AIRFLOW ; --            ; --                 ; --             ;
; PROJECT_OUTPUT_DIRECTORY            ; output_files                          ; --            ; --                 ; --             ;
; TOP_LEVEL_ENTITY                    ; first_nios2_system                    ; demo          ; --                 ; --             ;
+-------------------------------------+---------------------------------------+---------------+--------------------+----------------+


+-------------------------------------------------------------------------------------------------------------------------------+
; Flow Elapsed Time                                                                                                             ;
+---------------------------+--------------+-------------------------+---------------------+------------------------------------+
; Module Name               ; Elapsed Time ; Average Processors Used ; Peak Virtual Memory ; Total CPU Time (on all processors) ;
+---------------------------+--------------+-------------------------+---------------------+------------------------------------+
; Analysis & Synthesis      ; 00:00:39     ; 1.0                     ; 570 MB              ; 00:00:35                           ;
; Fitter                    ; 00:00:20     ; 1.0                     ; 709 MB              ; 00:00:19                           ;
; Assembler                 ; 00:00:03     ; 1.0                     ; 415 MB              ; 00:00:02                           ;
; TimeQuest Timing Analyzer ; 00:00:05     ; 1.0                     ; 475 MB              ; 00:00:04                           ;
; Total                     ; 00:01:07     ; --                      ; --                  ; 00:01:00                           ;
+---------------------------+--------------+-------------------------+---------------------+------------------------------------+


+----------------------------------------------------------------------------------------+
; Flow OS Summary                                                                        ;
+---------------------------+------------------+-----------+------------+----------------+
; Module Name               ; Machine Hostname ; OS Name   ; OS Version ; Processor type ;
+---------------------------+------------------+-----------+------------+----------------+
; Analysis & Synthesis      ; WIN-GE2U0NCRM0O  ; Windows 7 ; 6.1        ; x86_64         ;
; Fitter                    ; WIN-GE2U0NCRM0O  ; Windows 7 ; 6.1        ; x86_64         ;
; Assembler                 ; WIN-GE2U0NCRM0O  ; Windows 7 ; 6.1        ; x86_64         ;
; TimeQuest Timing Analyzer ; WIN-GE2U0NCRM0O  ; Windows 7 ; 6.1        ; x86_64         ;
+---------------------------+------------------+-----------+------------+----------------+


------------
; Flow Log ;
------------
quartus_map --read_settings_files=on --write_settings_files=off demo -c demo
quartus_fit --read_settings_files=off --write_settings_files=off demo -c demo
quartus_asm --read_settings_files=off --write_settings_files=off demo -c demo
quartus_sta demo -c demo



