Flow report for OPENLAB_FPGA_OSCILLOSCOPE_V1_0
Mon Feb 20 14:54:25 2017
Quartus II 64-Bit Version 13.1.0 Build 162 10/23/2013 SJ Web Edition


---------------------
; Table of Contents ;
---------------------
  1. Legal Notice
  2. Flow Summary
  3. Flow Settings
  4. Flow Non-Default Global Settings
  5. Flow Elapsed Time
  6. Flow OS Summary
  7. Flow Log
  8. Flow Messages
  9. Flow Suppressed Messages



----------------
; Legal Notice ;
----------------
Copyright (C) 1991-2013 Altera Corporation
Your use of Altera Corporation's design tools, logic functions 
and other software and tools, and its AMPP partner logic 
functions, and any output files from any of the foregoing 
(including device programming or simulation files), and any 
associated documentation or information are expressly subject 
to the terms and conditions of the Altera Program License 
Subscription Agreement, Altera MegaCore Function License 
Agreement, or other applicable license agreement, including, 
without limitation, that your use is for the sole purpose of 
programming logic devices manufactured by Altera and sold by 
Altera or its authorized distributors.  Please refer to the 
applicable agreement for further details.



+---------------------------------------------------------------------------------+
; Flow Summary                                                                    ;
+------------------------------------+--------------------------------------------+
; Flow Status                        ; Successful - Mon Feb 20 14:54:25 2017      ;
; Quartus II 64-Bit Version          ; 13.1.0 Build 162 10/23/2013 SJ Web Edition ;
; Revision Name                      ; OPENLAB_FPGA_OSCILLOSCOPE_V1_0             ;
; Top-level Entity Name              ; OPENLAB_FPGA_OSCILLOSCOPE_TOP              ;
; Family                             ; Cyclone III                                ;
; Device                             ; EP3C16F484C6                               ;
; Timing Models                      ; Final                                      ;
; Total logic elements               ; 13,936 / 15,408 ( 90 % )                   ;
;     Total combinational functions  ; 13,536 / 15,408 ( 88 % )                   ;
;     Dedicated logic registers      ; 6,600 / 15,408 ( 43 % )                    ;
; Total registers                    ; 6600                                       ;
; Total pins                         ; 32 / 347 ( 9 % )                           ;
; Total virtual pins                 ; 0                                          ;
; Total memory bits                  ; 73,728 / 516,096 ( 14 % )                  ;
; Embedded Multiplier 9-bit elements ; 2 / 112 ( 2 % )                            ;
; Total PLLs                         ; 1 / 4 ( 25 % )                             ;
+------------------------------------+--------------------------------------------+


+----------------------------------------------------+
; Flow Settings                                      ;
+-------------------+--------------------------------+
; Option            ; Setting                        ;
+-------------------+--------------------------------+
; Start date & time ; 02/20/2017 14:48:05            ;
; Main task         ; Compilation                    ;
; Revision Name     ; OPENLAB_FPGA_OSCILLOSCOPE_V1_0 ;
+-------------------+--------------------------------+


+---------------------------------------------------------------------------------------------------------------------------------------------------------+
; Flow Non-Default Global Settings                                                                                                                        ;
+-------------------------------------+---------------------------------+--------------------------------+-------------------------------+----------------+
; Assignment Name                     ; Value                           ; Default Value                  ; Entity Name                   ; Section Id     ;
+-------------------------------------+---------------------------------+--------------------------------+-------------------------------+----------------+
; COMPILER_SIGNATURE_ID               ; 115410745173076.148759848504884 ; --                             ; --                            ; --             ;
; EDA_OUTPUT_DATA_FORMAT              ; Vhdl                            ; --                             ; --                            ; eda_simulation ;
; EDA_SIMULATION_TOOL                 ; ModelSim-Altera (VHDL)          ; <None>                         ; --                            ; --             ;
; FITTER_EFFORT                       ; Standard Fit                    ; Auto Fit                       ; --                            ; --             ;
; MAX_CORE_JUNCTION_TEMP              ; 85                              ; --                             ; --                            ; --             ;
; MIN_CORE_JUNCTION_TEMP              ; 0                               ; --                             ; --                            ; --             ;
; PARTITION_COLOR                     ; 16764057                        ; --                             ; OPENLAB_FPGA_OSCILLOSCOPE_TOP ; Top            ;
; PARTITION_FITTER_PRESERVATION_LEVEL ; PLACEMENT_AND_ROUTING           ; --                             ; OPENLAB_FPGA_OSCILLOSCOPE_TOP ; Top            ;
; PARTITION_NETLIST_TYPE              ; SOURCE                          ; --                             ; OPENLAB_FPGA_OSCILLOSCOPE_TOP ; Top            ;
; POWER_BOARD_THERMAL_MODEL           ; None (CONSERVATIVE)             ; --                             ; --                            ; --             ;
; POWER_PRESET_COOLING_SOLUTION       ; No Heat Sink With Still Air     ; --                             ; --                            ; --             ;
; PROJECT_OUTPUT_DIRECTORY            ; output_files                    ; --                             ; --                            ; --             ;
; TOP_LEVEL_ENTITY                    ; OPENLAB_FPGA_OSCILLOSCOPE_TOP   ; OPENLAB_FPGA_OSCILLOSCOPE_V1_0 ; --                            ; --             ;
+-------------------------------------+---------------------------------+--------------------------------+-------------------------------+----------------+


+-------------------------------------------------------------------------------------------------------------------------------+
; Flow Elapsed Time                                                                                                             ;
+---------------------------+--------------+-------------------------+---------------------+------------------------------------+
; Module Name               ; Elapsed Time ; Average Processors Used ; Peak Virtual Memory ; Total CPU Time (on all processors) ;
+---------------------------+--------------+-------------------------+---------------------+------------------------------------+
; Analysis & Synthesis      ; 00:01:45     ; 1.0                     ; 777 MB              ; 00:01:43                           ;
; Fitter                    ; 00:03:46     ; 1.0                     ; 956 MB              ; 00:03:45                           ;
; Assembler                 ; 00:00:03     ; 1.0                     ; 517 MB              ; 00:00:03                           ;
; TimeQuest Timing Analyzer ; 00:00:12     ; 1.0                     ; 668 MB              ; 00:00:12                           ;
; EDA Netlist Writer        ; 00:00:21     ; 1.0                     ; 576 MB              ; 00:00:19                           ;
; Total                     ; 00:06:07     ; --                      ; --                  ; 00:06:02                           ;
+---------------------------+--------------+-------------------------+---------------------+------------------------------------+


+----------------------------------------------------------------------------------------+
; Flow OS Summary                                                                        ;
+---------------------------+------------------+-----------+------------+----------------+
; Module Name               ; Machine Hostname ; OS Name   ; OS Version ; Processor type ;
+---------------------------+------------------+-----------+------------+----------------+
; Analysis & Synthesis      ; DESKTOP-M9LC1G2  ; Windows 7 ; 6.2        ; x86_64         ;
; Fitter                    ; DESKTOP-M9LC1G2  ; Windows 7 ; 6.2        ; x86_64         ;
; Assembler                 ; DESKTOP-M9LC1G2  ; Windows 7 ; 6.2        ; x86_64         ;
; TimeQuest Timing Analyzer ; DESKTOP-M9LC1G2  ; Windows 7 ; 6.2        ; x86_64         ;
; EDA Netlist Writer        ; DESKTOP-M9LC1G2  ; Windows 7 ; 6.2        ; x86_64         ;
+---------------------------+------------------+-----------+------------+----------------+


------------
; Flow Log ;
------------
quartus_map --read_settings_files=on --write_settings_files=off OPENLAB_FPGA_OSCILLOSCOPE_V1_0 -c OPENLAB_FPGA_OSCILLOSCOPE_V1_0
quartus_fit --read_settings_files=off --write_settings_files=off OPENLAB_FPGA_OSCILLOSCOPE_V1_0 -c OPENLAB_FPGA_OSCILLOSCOPE_V1_0
quartus_asm --read_settings_files=off --write_settings_files=off OPENLAB_FPGA_OSCILLOSCOPE_V1_0 -c OPENLAB_FPGA_OSCILLOSCOPE_V1_0
quartus_sta OPENLAB_FPGA_OSCILLOSCOPE_V1_0 -c OPENLAB_FPGA_OSCILLOSCOPE_V1_0
quartus_eda --read_settings_files=off --write_settings_files=off OPENLAB_FPGA_OSCILLOSCOPE_V1_0 -c OPENLAB_FPGA_OSCILLOSCOPE_V1_0



